{"numFailedTestSuites":1,"numFailedTests":0,"numPassedTestSuites":0,"numPassedTests":0,"numPendingTestSuites":0,"numPendingTests":0,"numRuntimeErrorTestSuites":1,"numTodoTests":0,"numTotalTestSuites":1,"numTotalTests":0,"openHandles":[],"snapshot":{"added":0,"didUpdate":false,"failure":false,"filesAdded":0,"filesRemoved":0,"filesRemovedList":[],"filesUnmatched":0,"filesUpdated":0,"matched":0,"total":0,"unchecked":0,"uncheckedKeysByFile":[],"unmatched":0,"updated":0},"startTime":1756652190680,"success":false,"testResults":[{"assertionResults":[],"coverage":{},"endTime":1756652193278,"message":"  ● Test suite failed to run\n\n    Cannot find module 'react-router-dom' from 'src/App.js'\n\n    Require stack:\n      src/App.js\n      src/App.test.js\n\n    \u001b[0m \u001b[90m 1 |\u001b[39m \u001b[36mimport\u001b[39m \u001b[33mReact\u001b[39m\u001b[33m,\u001b[39m { useState\u001b[33m,\u001b[39m useMemo } \u001b[36mfrom\u001b[39m \u001b[32m'react'\u001b[39m\u001b[33m;\u001b[39m\n    \u001b[31m\u001b[1m>\u001b[22m\u001b[39m\u001b[90m 2 |\u001b[39m \u001b[36mimport\u001b[39m { \u001b[33mBrowserRouter\u001b[39m \u001b[36mas\u001b[39m \u001b[33mRouter\u001b[39m\u001b[33m,\u001b[39m \u001b[33mRoutes\u001b[39m\u001b[33m,\u001b[39m \u001b[33mRoute\u001b[39m\u001b[33m,\u001b[39m \u001b[33mLink\u001b[39m \u001b[36mas\u001b[39m \u001b[33mRouterLink\u001b[39m } \u001b[36mfrom\u001b[39m \u001b[32m'react-router-dom'\u001b[39m\u001b[33m;\u001b[39m\n     \u001b[90m   |\u001b[39m \u001b[31m\u001b[1m^\u001b[22m\u001b[39m\n     \u001b[90m 3 |\u001b[39m \u001b[36mimport\u001b[39m { \u001b[33mThemeProvider\u001b[39m\u001b[33m,\u001b[39m createTheme } \u001b[36mfrom\u001b[39m \u001b[32m'@mui/material/styles'\u001b[39m\u001b[33m;\u001b[39m\n     \u001b[90m 4 |\u001b[39m \u001b[36mimport\u001b[39m { \u001b[33mCssBaseline\u001b[39m\u001b[33m,\u001b[39m \u001b[33mAppBar\u001b[39m\u001b[33m,\u001b[39m \u001b[33mToolbar\u001b[39m\u001b[33m,\u001b[39m \u001b[33mTypography\u001b[39m\u001b[33m,\u001b[39m \u001b[33mButton\u001b[39m\u001b[33m,\u001b[39m \u001b[33mIconButton\u001b[39m\u001b[33m,\u001b[39m \u001b[33mDrawer\u001b[39m\u001b[33m,\u001b[39m \u001b[33mList\u001b[39m\u001b[33m,\u001b[39m \u001b[33mListItem\u001b[39m\u001b[33m,\u001b[39m \u001b[33mListItemButton\u001b[39m\u001b[33m,\u001b[39m \u001b[33mListItemIcon\u001b[39m\u001b[33m,\u001b[39m \u001b[33mListItemText\u001b[39m\u001b[33m,\u001b[39m \u001b[33mBox\u001b[39m\u001b[33m,\u001b[39m \u001b[33mAvatar\u001b[39m\u001b[33m,\u001b[39m \u001b[33mMenu\u001b[39m\u001b[33m,\u001b[39m \u001b[33mMenuItem\u001b[39m\u001b[33m,\u001b[39m \u001b[33mSwitch\u001b[39m } \u001b[36mfrom\u001b[39m \u001b[32m'@mui/material'\u001b[39m\u001b[33m;\u001b[39m\n     \u001b[90m 5 |\u001b[39m \u001b[36mimport\u001b[39m \u001b[33mHomeIcon\u001b[39m \u001b[36mfrom\u001b[39m \u001b[32m'@mui/icons-material/Home'\u001b[39m\u001b[33m;\u001b[39m\u001b[0m\n\n      at Resolver.resolveModule (node_modules/jest-resolve/build/resolver.js:324:11)\n      at Object.<anonymous> (src/App.js:2:1)\n      at Object.<anonymous> (src/App.test.js:2:1)\n      at TestScheduler.scheduleTests (node_modules/@jest/core/build/TestScheduler.js:333:13)\n      at runJest (node_modules/@jest/core/build/runJest.js:404:19)\n      at _run10000 (node_modules/@jest/core/build/cli/index.js:320:7)\n      at runCLI (node_modules/@jest/core/build/cli/index.js:173:3)\n","name":"/app/src/App.test.js","startTime":1756652193278,"status":"failed","summary":""}],"wasInterrupted":false}